{"/home/taylor/Software_Design_COSC4353/backend/server.js": {"path":"/home/taylor/Software_Design_COSC4353/backend/server.js","statementMap":{"0":{"start":{"line":1,"column":16},"end":{"line":1,"column":34}},"1":{"start":{"line":2,"column":19},"end":{"line":2,"column":41}},"2":{"start":{"line":3,"column":19},"end":{"line":3,"column":50}},"3":{"start":{"line":4,"column":19},"end":{"line":4,"column":51}},"4":{"start":{"line":5,"column":12},"end":{"line":5,"column":21}},"5":{"start":{"line":6,"column":18},"end":{"line":6,"column":48}},"6":{"start":{"line":8,"column":0},"end":{"line":8,"column":27}},"7":{"start":{"line":10,"column":0},"end":{"line":18,"column":3}},"8":{"start":{"line":11,"column":2},"end":{"line":11,"column":52}},"9":{"start":{"line":12,"column":2},"end":{"line":15,"column":4}},"10":{"start":{"line":16,"column":2},"end":{"line":16,"column":75}},"11":{"start":{"line":17,"column":2},"end":{"line":17,"column":9}},"12":{"start":{"line":21,"column":0},"end":{"line":21,"column":38}},"13":{"start":{"line":22,"column":0},"end":{"line":22,"column":34}},"14":{"start":{"line":24,"column":0},"end":{"line":27,"column":3}},"15":{"start":{"line":25,"column":16},"end":{"line":25,"column":53}},"16":{"start":{"line":26,"column":2},"end":{"line":26,"column":21}},"17":{"start":{"line":29,"column":0},"end":{"line":35,"column":3}},"18":{"start":{"line":30,"column":2},"end":{"line":32,"column":3}},"19":{"start":{"line":31,"column":4},"end":{"line":31,"column":23}},"20":{"start":{"line":33,"column":2},"end":{"line":33,"column":32}},"21":{"start":{"line":34,"column":2},"end":{"line":34,"column":71}},"22":{"start":{"line":37,"column":13},"end":{"line":37,"column":29}},"23":{"start":{"line":39,"column":0},"end":{"line":39,"column":24}}},"fnMap":{"0":{"name":"(anonymous_0)","decl":{"start":{"line":10,"column":8},"end":{"line":10,"column":9}},"loc":{"start":{"line":10,"column":28},"end":{"line":18,"column":1}},"line":10},"1":{"name":"(anonymous_1)","decl":{"start":{"line":24,"column":8},"end":{"line":24,"column":9}},"loc":{"start":{"line":24,"column":28},"end":{"line":27,"column":1}},"line":24},"2":{"name":"(anonymous_2)","decl":{"start":{"line":29,"column":8},"end":{"line":29,"column":9}},"loc":{"start":{"line":29,"column":35},"end":{"line":35,"column":1}},"line":29}},"branchMap":{"0":{"loc":{"start":{"line":30,"column":2},"end":{"line":32,"column":3}},"type":"if","locations":[{"start":{"line":30,"column":2},"end":{"line":32,"column":3}},{"start":{},"end":{}}],"line":30},"1":{"loc":{"start":{"line":33,"column":13},"end":{"line":33,"column":30}},"type":"binary-expr","locations":[{"start":{"line":33,"column":13},"end":{"line":33,"column":23}},{"start":{"line":33,"column":27},"end":{"line":33,"column":30}}],"line":33},"2":{"loc":{"start":{"line":34,"column":22},"end":{"line":34,"column":67}},"type":"binary-expr","locations":[{"start":{"line":34,"column":22},"end":{"line":34,"column":35}},{"start":{"line":34,"column":39},"end":{"line":34,"column":67}}],"line":34}},"s":{"0":1,"1":1,"2":1,"3":1,"4":1,"5":1,"6":1,"7":1,"8":9,"9":9,"10":9,"11":9,"12":1,"13":1,"14":1,"15":0,"16":0,"17":1,"18":2,"19":0,"20":2,"21":2,"22":1,"23":1},"f":{"0":9,"1":0,"2":2},"b":{"0":[0,2],"1":[2,0],"2":[2,0]},"_coverageSchema":"1a1c01bbd47fc00a2c39e90264f33305004495a9","hash":"3c35804569e4e244f51647ffc37d87849038a75c"}
,"/home/taylor/Software_Design_COSC4353/backend/controllers/fuel-controllers.js": {"path":"/home/taylor/Software_Design_COSC4353/backend/controllers/fuel-controllers.js","statementMap":{"0":{"start":{"line":1,"column":18},"end":{"line":1,"column":49}},"1":{"start":{"line":2,"column":29},"end":{"line":2,"column":57}},"2":{"start":{"line":3,"column":18},"end":{"line":13,"column":1}},"3":{"start":{"line":15,"column":26},"end":{"line":25,"column":1}},"4":{"start":{"line":27,"column":0},"end":{"line":27,"column":49}},"5":{"start":{"line":29,"column":29},"end":{"line":46,"column":1}},"6":{"start":{"line":30,"column":22},"end":{"line":30,"column":41}},"7":{"start":{"line":31,"column":14},"end":{"line":33,"column":4}},"8":{"start":{"line":32,"column":4},"end":{"line":32,"column":38}},"9":{"start":{"line":35,"column":2},"end":{"line":42,"column":3}},"10":{"start":{"line":36,"column":4},"end":{"line":41,"column":6}},"11":{"start":{"line":44,"column":2},"end":{"line":44,"column":43}},"12":{"start":{"line":45,"column":2},"end":{"line":45,"column":20}},"13":{"start":{"line":48,"column":28},"end":{"line":60,"column":1}},"14":{"start":{"line":50,"column":22},"end":{"line":50,"column":41}},"15":{"start":{"line":51,"column":17},"end":{"line":53,"column":4}},"16":{"start":{"line":52,"column":4},"end":{"line":52,"column":38}},"17":{"start":{"line":54,"column":2},"end":{"line":56,"column":3}},"18":{"start":{"line":55,"column":4},"end":{"line":55,"column":80}},"19":{"start":{"line":58,"column":2},"end":{"line":58,"column":43}},"20":{"start":{"line":59,"column":2},"end":{"line":59,"column":23}},"21":{"start":{"line":62,"column":20},"end":{"line":78,"column":1}},"22":{"start":{"line":63,"column":70},"end":{"line":63,"column":78}},"23":{"start":{"line":65,"column":22},"end":{"line":73,"column":3}},"24":{"start":{"line":75,"column":2},"end":{"line":75,"column":44}},"25":{"start":{"line":76,"column":2},"end":{"line":76,"column":32}},"26":{"start":{"line":77,"column":2},"end":{"line":77,"column":47}},"27":{"start":{"line":80,"column":33},"end":{"line":104,"column":1}},"28":{"start":{"line":81,"column":17},"end":{"line":81,"column":38}},"29":{"start":{"line":82,"column":2},"end":{"line":85,"column":3}},"30":{"start":{"line":83,"column":4},"end":{"line":83,"column":24}},"31":{"start":{"line":84,"column":4},"end":{"line":84,"column":46}},"32":{"start":{"line":88,"column":4},"end":{"line":88,"column":12}},"33":{"start":{"line":89,"column":35},"end":{"line":91,"column":3}},"34":{"start":{"line":90,"column":39},"end":{"line":90,"column":62}},"35":{"start":{"line":92,"column":20},"end":{"line":94,"column":3}},"36":{"start":{"line":93,"column":11},"end":{"line":93,"column":34}},"37":{"start":{"line":95,"column":2},"end":{"line":95,"column":49}},"38":{"start":{"line":96,"column":2},"end":{"line":96,"column":47}},"39":{"start":{"line":97,"column":2},"end":{"line":97,"column":56}},"40":{"start":{"line":98,"column":2},"end":{"line":98,"column":39}},"41":{"start":{"line":99,"column":2},"end":{"line":99,"column":41}},"42":{"start":{"line":100,"column":2},"end":{"line":100,"column":37}},"43":{"start":{"line":102,"column":2},"end":{"line":102,"column":60}},"44":{"start":{"line":103,"column":2},"end":{"line":103,"column":53}},"45":{"start":{"line":106,"column":20},"end":{"line":121,"column":1}},"46":{"start":{"line":107,"column":60},"end":{"line":107,"column":68}},"47":{"start":{"line":108,"column":20},"end":{"line":108,"column":39}},"48":{"start":{"line":110,"column":22},"end":{"line":110,"column":78}},"49":{"start":{"line":110,"column":51},"end":{"line":110,"column":75}},"50":{"start":{"line":111,"column":20},"end":{"line":111,"column":73}},"51":{"start":{"line":111,"column":49},"end":{"line":111,"column":72}},"52":{"start":{"line":112,"column":2},"end":{"line":112,"column":32}},"53":{"start":{"line":113,"column":2},"end":{"line":113,"column":34}},"54":{"start":{"line":114,"column":2},"end":{"line":114,"column":34}},"55":{"start":{"line":115,"column":2},"end":{"line":115,"column":26}},"56":{"start":{"line":116,"column":2},"end":{"line":116,"column":24}},"57":{"start":{"line":117,"column":2},"end":{"line":117,"column":28}},"58":{"start":{"line":119,"column":2},"end":{"line":119,"column":39}},"59":{"start":{"line":120,"column":2},"end":{"line":120,"column":47}},"60":{"start":{"line":123,"column":20},"end":{"line":127,"column":1}},"61":{"start":{"line":124,"column":20},"end":{"line":124,"column":39}},"62":{"start":{"line":125,"column":2},"end":{"line":125,"column":68}},"63":{"start":{"line":125,"column":42},"end":{"line":125,"column":66}},"64":{"start":{"line":126,"column":2},"end":{"line":126,"column":53}},"65":{"start":{"line":129,"column":0},"end":{"line":129,"column":50}},"66":{"start":{"line":130,"column":0},"end":{"line":130,"column":34}},"67":{"start":{"line":131,"column":0},"end":{"line":131,"column":34}},"68":{"start":{"line":132,"column":0},"end":{"line":132,"column":34}},"69":{"start":{"line":133,"column":0},"end":{"line":133,"column":60}},"70":{"start":{"line":134,"column":0},"end":{"line":134,"column":52}}},"fnMap":{"0":{"name":"(anonymous_0)","decl":{"start":{"line":29,"column":29},"end":{"line":29,"column":30}},"loc":{"start":{"line":29,"column":49},"end":{"line":46,"column":1}},"line":29},"1":{"name":"(anonymous_1)","decl":{"start":{"line":31,"column":41},"end":{"line":31,"column":42}},"loc":{"start":{"line":31,"column":48},"end":{"line":33,"column":3}},"line":31},"2":{"name":"(anonymous_2)","decl":{"start":{"line":48,"column":28},"end":{"line":48,"column":29}},"loc":{"start":{"line":48,"column":48},"end":{"line":60,"column":1}},"line":48},"3":{"name":"(anonymous_3)","decl":{"start":{"line":51,"column":36},"end":{"line":51,"column":37}},"loc":{"start":{"line":51,"column":43},"end":{"line":53,"column":3}},"line":51},"4":{"name":"(anonymous_4)","decl":{"start":{"line":62,"column":20},"end":{"line":62,"column":21}},"loc":{"start":{"line":62,"column":40},"end":{"line":78,"column":1}},"line":62},"5":{"name":"(anonymous_5)","decl":{"start":{"line":80,"column":33},"end":{"line":80,"column":34}},"loc":{"start":{"line":80,"column":53},"end":{"line":104,"column":1}},"line":80},"6":{"name":"(anonymous_6)","decl":{"start":{"line":90,"column":32},"end":{"line":90,"column":33}},"loc":{"start":{"line":90,"column":39},"end":{"line":90,"column":62}},"line":90},"7":{"name":"(anonymous_7)","decl":{"start":{"line":93,"column":4},"end":{"line":93,"column":5}},"loc":{"start":{"line":93,"column":11},"end":{"line":93,"column":34}},"line":93},"8":{"name":"(anonymous_8)","decl":{"start":{"line":106,"column":20},"end":{"line":106,"column":21}},"loc":{"start":{"line":106,"column":40},"end":{"line":121,"column":1}},"line":106},"9":{"name":"(anonymous_9)","decl":{"start":{"line":110,"column":44},"end":{"line":110,"column":45}},"loc":{"start":{"line":110,"column":51},"end":{"line":110,"column":75}},"line":110},"10":{"name":"(anonymous_10)","decl":{"start":{"line":111,"column":42},"end":{"line":111,"column":43}},"loc":{"start":{"line":111,"column":49},"end":{"line":111,"column":72}},"line":111},"11":{"name":"(anonymous_11)","decl":{"start":{"line":123,"column":20},"end":{"line":123,"column":21}},"loc":{"start":{"line":123,"column":40},"end":{"line":127,"column":1}},"line":123},"12":{"name":"(anonymous_12)","decl":{"start":{"line":125,"column":35},"end":{"line":125,"column":36}},"loc":{"start":{"line":125,"column":42},"end":{"line":125,"column":66}},"line":125}},"branchMap":{"0":{"loc":{"start":{"line":35,"column":2},"end":{"line":42,"column":3}},"type":"if","locations":[{"start":{"line":35,"column":2},"end":{"line":42,"column":3}},{"start":{},"end":{}}],"line":35},"1":{"loc":{"start":{"line":54,"column":2},"end":{"line":56,"column":3}},"type":"if","locations":[{"start":{"line":54,"column":2},"end":{"line":56,"column":3}},{"start":{},"end":{}}],"line":54},"2":{"loc":{"start":{"line":54,"column":6},"end":{"line":54,"column":36}},"type":"binary-expr","locations":[{"start":{"line":54,"column":6},"end":{"line":54,"column":13}},{"start":{"line":54,"column":17},"end":{"line":54,"column":36}}],"line":54},"3":{"loc":{"start":{"line":82,"column":2},"end":{"line":85,"column":3}},"type":"if","locations":[{"start":{"line":82,"column":2},"end":{"line":85,"column":3}},{"start":{},"end":{}}],"line":82},"4":{"loc":{"start":{"line":97,"column":38},"end":{"line":97,"column":55}},"type":"binary-expr","locations":[{"start":{"line":97,"column":38},"end":{"line":97,"column":46}},{"start":{"line":97,"column":50},"end":{"line":97,"column":55}}],"line":97}},"s":{"0":1,"1":1,"2":1,"3":1,"4":1,"5":1,"6":0,"7":0,"8":0,"9":0,"10":0,"11":0,"12":0,"13":1,"14":2,"15":2,"16":4,"17":2,"18":1,"19":1,"20":1,"21":1,"22":1,"23":1,"24":1,"25":1,"26":1,"27":1,"28":1,"29":1,"30":0,"31":0,"32":1,"33":1,"34":1,"35":1,"36":1,"37":1,"38":1,"39":1,"40":1,"41":1,"42":1,"43":1,"44":1,"45":1,"46":1,"47":1,"48":1,"49":2,"50":1,"51":2,"52":1,"53":1,"54":1,"55":1,"56":1,"57":1,"58":1,"59":1,"60":1,"61":0,"62":0,"63":0,"64":0,"65":1,"66":1,"67":1,"68":1,"69":1,"70":1},"f":{"0":0,"1":0,"2":2,"3":4,"4":1,"5":1,"6":1,"7":1,"8":1,"9":2,"10":2,"11":0,"12":0},"b":{"0":[0,0],"1":[1,1],"2":[2,2],"3":[0,1],"4":[1,0]},"_coverageSchema":"1a1c01bbd47fc00a2c39e90264f33305004495a9","hash":"905789a40e40e318c017171384431bba051faae8"}
,"/home/taylor/Software_Design_COSC4353/backend/controllers/user-controllers.js": {"path":"/home/taylor/Software_Design_COSC4353/backend/controllers/user-controllers.js","statementMap":{"0":{"start":{"line":1,"column":18},"end":{"line":1,"column":49}},"1":{"start":{"line":2,"column":29},"end":{"line":2,"column":57}},"2":{"start":{"line":3,"column":28},"end":{"line":3,"column":77}},"3":{"start":{"line":4,"column":20},"end":{"line":9,"column":1}},"4":{"start":{"line":12,"column":17},"end":{"line":14,"column":1}},"5":{"start":{"line":13,"column":4},"end":{"line":13,"column":35}},"6":{"start":{"line":16,"column":14},"end":{"line":33,"column":1}},"7":{"start":{"line":18,"column":19},"end":{"line":18,"column":40}},"8":{"start":{"line":19,"column":4},"end":{"line":22,"column":5}},"9":{"start":{"line":20,"column":8},"end":{"line":20,"column":28}},"10":{"start":{"line":21,"column":8},"end":{"line":21,"column":50}},"11":{"start":{"line":24,"column":35},"end":{"line":24,"column":43}},"12":{"start":{"line":26,"column":27},"end":{"line":26,"column":74}},"13":{"start":{"line":26,"column":50},"end":{"line":26,"column":73}},"14":{"start":{"line":27,"column":4},"end":{"line":30,"column":5}},"15":{"start":{"line":29,"column":8},"end":{"line":29,"column":68}},"16":{"start":{"line":32,"column":4},"end":{"line":32,"column":38}},"17":{"start":{"line":35,"column":17},"end":{"line":63,"column":1}},"18":{"start":{"line":36,"column":19},"end":{"line":36,"column":40}},"19":{"start":{"line":37,"column":4},"end":{"line":40,"column":5}},"20":{"start":{"line":38,"column":8},"end":{"line":38,"column":28}},"21":{"start":{"line":39,"column":8},"end":{"line":39,"column":50}},"22":{"start":{"line":42,"column":35},"end":{"line":42,"column":43}},"23":{"start":{"line":44,"column":24},"end":{"line":47,"column":5}},"24":{"start":{"line":49,"column":27},"end":{"line":57,"column":5}},"25":{"start":{"line":59,"column":4},"end":{"line":59,"column":34}},"26":{"start":{"line":60,"column":4},"end":{"line":60,"column":44}},"27":{"start":{"line":62,"column":4},"end":{"line":62,"column":46}},"28":{"start":{"line":66,"column":0},"end":{"line":66,"column":28}},"29":{"start":{"line":67,"column":0},"end":{"line":67,"column":22}},"30":{"start":{"line":68,"column":0},"end":{"line":68,"column":28}}},"fnMap":{"0":{"name":"(anonymous_0)","decl":{"start":{"line":12,"column":17},"end":{"line":12,"column":18}},"loc":{"start":{"line":12,"column":35},"end":{"line":14,"column":1}},"line":12},"1":{"name":"(anonymous_1)","decl":{"start":{"line":16,"column":14},"end":{"line":16,"column":15}},"loc":{"start":{"line":16,"column":32},"end":{"line":33,"column":1}},"line":16},"2":{"name":"(anonymous_2)","decl":{"start":{"line":26,"column":45},"end":{"line":26,"column":46}},"loc":{"start":{"line":26,"column":50},"end":{"line":26,"column":73}},"line":26},"3":{"name":"(anonymous_3)","decl":{"start":{"line":35,"column":17},"end":{"line":35,"column":18}},"loc":{"start":{"line":35,"column":35},"end":{"line":63,"column":1}},"line":35}},"branchMap":{"0":{"loc":{"start":{"line":19,"column":4},"end":{"line":22,"column":5}},"type":"if","locations":[{"start":{"line":19,"column":4},"end":{"line":22,"column":5}},{"start":{},"end":{}}],"line":19},"1":{"loc":{"start":{"line":27,"column":4},"end":{"line":30,"column":5}},"type":"if","locations":[{"start":{"line":27,"column":4},"end":{"line":30,"column":5}},{"start":{},"end":{}}],"line":27},"2":{"loc":{"start":{"line":27,"column":7},"end":{"line":27,"column":62}},"type":"binary-expr","locations":[{"start":{"line":27,"column":7},"end":{"line":27,"column":22}},{"start":{"line":27,"column":26},"end":{"line":27,"column":62}}],"line":27},"3":{"loc":{"start":{"line":37,"column":4},"end":{"line":40,"column":5}},"type":"if","locations":[{"start":{"line":37,"column":4},"end":{"line":40,"column":5}},{"start":{},"end":{}}],"line":37}},"s":{"0":1,"1":1,"2":1,"3":1,"4":1,"5":1,"6":1,"7":2,"8":2,"9":0,"10":0,"11":2,"12":2,"13":3,"14":2,"15":1,"16":1,"17":1,"18":1,"19":1,"20":0,"21":0,"22":1,"23":1,"24":1,"25":1,"26":1,"27":1,"28":1,"29":1,"30":1},"f":{"0":1,"1":2,"2":3,"3":1},"b":{"0":[0,2],"1":[1,1],"2":[2,1],"3":[0,1]},"_coverageSchema":"1a1c01bbd47fc00a2c39e90264f33305004495a9","hash":"b081da8b8866628982b0c89f1815a706cef61d1b"}
,"/home/taylor/Software_Design_COSC4353/backend/models/http-error.js": {"path":"/home/taylor/Software_Design_COSC4353/backend/models/http-error.js","statementMap":{"0":{"start":{"line":3,"column":8},"end":{"line":3,"column":23}},"1":{"start":{"line":4,"column":8},"end":{"line":4,"column":30}},"2":{"start":{"line":8,"column":0},"end":{"line":8,"column":27}}},"fnMap":{"0":{"name":"(anonymous_0)","decl":{"start":{"line":2,"column":4},"end":{"line":2,"column":5}},"loc":{"start":{"line":2,"column":35},"end":{"line":5,"column":5}},"line":2}},"branchMap":{},"s":{"0":2,"1":2,"2":1},"f":{"0":2},"b":{},"_coverageSchema":"1a1c01bbd47fc00a2c39e90264f33305004495a9","hash":"0668e1ac7f78d5616b38f557e078707588d10d16"}
,"/home/taylor/Software_Design_COSC4353/backend/routes/fuel-routes.js": {"path":"/home/taylor/Software_Design_COSC4353/backend/routes/fuel-routes.js","statementMap":{"0":{"start":{"line":1,"column":26},"end":{"line":1,"column":44}},"1":{"start":{"line":2,"column":26},"end":{"line":2,"column":68}},"2":{"start":{"line":3,"column":26},"end":{"line":3,"column":42}},"3":{"start":{"line":4,"column":26},"end":{"line":4,"column":54}},"4":{"start":{"line":8,"column":0},"end":{"line":8,"column":62}},"5":{"start":{"line":9,"column":0},"end":{"line":9,"column":82}},"6":{"start":{"line":10,"column":0},"end":{"line":10,"column":56}},"7":{"start":{"line":11,"column":0},"end":{"line":11,"column":57}},"8":{"start":{"line":12,"column":0},"end":{"line":12,"column":71}},"9":{"start":{"line":13,"column":0},"end":{"line":16,"column":43}},"10":{"start":{"line":17,"column":0},"end":{"line":17,"column":24}}},"fnMap":{},"branchMap":{},"s":{"0":1,"1":1,"2":1,"3":1,"4":1,"5":1,"6":1,"7":1,"8":1,"9":1,"10":1},"f":{},"b":{},"_coverageSchema":"1a1c01bbd47fc00a2c39e90264f33305004495a9","hash":"a55ca1eaa59f9d10f44c99f0af879d440b613207"}
,"/home/taylor/Software_Design_COSC4353/backend/routes/users-routes.js": {"path":"/home/taylor/Software_Design_COSC4353/backend/routes/users-routes.js","statementMap":{"0":{"start":{"line":1,"column":26},"end":{"line":1,"column":44}},"1":{"start":{"line":2,"column":26},"end":{"line":2,"column":42}},"2":{"start":{"line":3,"column":26},"end":{"line":3,"column":68}},"3":{"start":{"line":4,"column":26},"end":{"line":4,"column":54}},"4":{"start":{"line":6,"column":0},"end":{"line":6,"column":41}},"5":{"start":{"line":7,"column":0},"end":{"line":8,"column":58}},"6":{"start":{"line":10,"column":0},"end":{"line":13,"column":25}},"7":{"start":{"line":15,"column":0},"end":{"line":15,"column":24}}},"fnMap":{},"branchMap":{},"s":{"0":1,"1":1,"2":1,"3":1,"4":1,"5":1,"6":1,"7":1},"f":{},"b":{},"_coverageSchema":"1a1c01bbd47fc00a2c39e90264f33305004495a9","hash":"2b001cb354c5814ca81afa4c5e56693dd347c62d"}
}
