{"C:\\Users\\tbarn\\Desktop\\Software_Design_COSC4353\\Software_Design_COSC4353\\backend\\server.js": {"path":"C:\\Users\\tbarn\\Desktop\\Software_Design_COSC4353\\Software_Design_COSC4353\\backend\\server.js","statementMap":{"0":{"start":{"line":1,"column":16},"end":{"line":1,"column":34}},"1":{"start":{"line":2,"column":19},"end":{"line":2,"column":41}},"2":{"start":{"line":3,"column":17},"end":{"line":3,"column":36}},"3":{"start":{"line":4,"column":19},"end":{"line":4,"column":50}},"4":{"start":{"line":5,"column":19},"end":{"line":5,"column":51}},"5":{"start":{"line":6,"column":12},"end":{"line":6,"column":21}},"6":{"start":{"line":7,"column":18},"end":{"line":7,"column":48}},"7":{"start":{"line":9,"column":0},"end":{"line":9,"column":27}},"8":{"start":{"line":11,"column":0},"end":{"line":19,"column":3}},"9":{"start":{"line":12,"column":2},"end":{"line":12,"column":52}},"10":{"start":{"line":13,"column":2},"end":{"line":16,"column":4}},"11":{"start":{"line":17,"column":2},"end":{"line":17,"column":76}},"12":{"start":{"line":18,"column":2},"end":{"line":18,"column":9}},"13":{"start":{"line":22,"column":0},"end":{"line":22,"column":38}},"14":{"start":{"line":23,"column":0},"end":{"line":23,"column":34}},"15":{"start":{"line":25,"column":0},"end":{"line":28,"column":3}},"16":{"start":{"line":26,"column":16},"end":{"line":26,"column":53}},"17":{"start":{"line":27,"column":2},"end":{"line":27,"column":21}},"18":{"start":{"line":30,"column":0},"end":{"line":36,"column":3}},"19":{"start":{"line":31,"column":2},"end":{"line":33,"column":3}},"20":{"start":{"line":32,"column":4},"end":{"line":32,"column":23}},"21":{"start":{"line":34,"column":2},"end":{"line":34,"column":32}},"22":{"start":{"line":35,"column":2},"end":{"line":35,"column":71}},"23":{"start":{"line":38,"column":0},"end":{"line":48,"column":5}},"24":{"start":{"line":43,"column":17},"end":{"line":43,"column":33}},"25":{"start":{"line":44,"column":4},"end":{"line":44,"column":28}},"26":{"start":{"line":47,"column":4},"end":{"line":47,"column":21}},"27":{"start":{"line":50,"column":0},"end":{"line":50,"column":21}}},"fnMap":{"0":{"name":"(anonymous_0)","decl":{"start":{"line":11,"column":8},"end":{"line":11,"column":9}},"loc":{"start":{"line":11,"column":28},"end":{"line":19,"column":1}},"line":11},"1":{"name":"(anonymous_1)","decl":{"start":{"line":25,"column":8},"end":{"line":25,"column":9}},"loc":{"start":{"line":25,"column":28},"end":{"line":28,"column":1}},"line":25},"2":{"name":"(anonymous_2)","decl":{"start":{"line":30,"column":8},"end":{"line":30,"column":9}},"loc":{"start":{"line":30,"column":35},"end":{"line":36,"column":1}},"line":30},"3":{"name":"(anonymous_3)","decl":{"start":{"line":42,"column":8},"end":{"line":42,"column":9}},"loc":{"start":{"line":42,"column":14},"end":{"line":45,"column":3}},"line":42},"4":{"name":"(anonymous_4)","decl":{"start":{"line":46,"column":9},"end":{"line":46,"column":10}},"loc":{"start":{"line":46,"column":18},"end":{"line":48,"column":3}},"line":46}},"branchMap":{"0":{"loc":{"start":{"line":31,"column":2},"end":{"line":33,"column":3}},"type":"if","locations":[{"start":{"line":31,"column":2},"end":{"line":33,"column":3}},{"start":{},"end":{}}],"line":31},"1":{"loc":{"start":{"line":34,"column":13},"end":{"line":34,"column":30}},"type":"binary-expr","locations":[{"start":{"line":34,"column":13},"end":{"line":34,"column":23}},{"start":{"line":34,"column":27},"end":{"line":34,"column":30}}],"line":34},"2":{"loc":{"start":{"line":35,"column":22},"end":{"line":35,"column":67}},"type":"binary-expr","locations":[{"start":{"line":35,"column":22},"end":{"line":35,"column":35}},{"start":{"line":35,"column":39},"end":{"line":35,"column":67}}],"line":35}},"s":{"0":1,"1":1,"2":1,"3":1,"4":1,"5":1,"6":1,"7":1,"8":1,"9":14,"10":14,"11":14,"12":14,"13":1,"14":1,"15":1,"16":0,"17":0,"18":1,"19":6,"20":0,"21":6,"22":6,"23":1,"24":1,"25":1,"26":0,"27":1},"f":{"0":14,"1":0,"2":6,"3":1,"4":0},"b":{"0":[0,6],"1":[6,0],"2":[6,0]},"_coverageSchema":"1a1c01bbd47fc00a2c39e90264f33305004495a9","hash":"cee044f23aa69315db560c76710fc7d59ba10739"}
,"C:\\Users\\tbarn\\Desktop\\Software_Design_COSC4353\\Software_Design_COSC4353\\backend\\controllers\\fuel-controllers.js": {"path":"C:\\Users\\tbarn\\Desktop\\Software_Design_COSC4353\\Software_Design_COSC4353\\backend\\controllers\\fuel-controllers.js","statementMap":{"0":{"start":{"line":1,"column":18},"end":{"line":1,"column":49}},"1":{"start":{"line":2,"column":14},"end":{"line":2,"column":40}},"2":{"start":{"line":3,"column":29},"end":{"line":3,"column":57}},"3":{"start":{"line":4,"column":26},"end":{"line":4,"column":64}},"4":{"start":{"line":6,"column":18},"end":{"line":16,"column":1}},"5":{"start":{"line":18,"column":26},"end":{"line":28,"column":1}},"6":{"start":{"line":30,"column":0},"end":{"line":30,"column":50}},"7":{"start":{"line":32,"column":29},"end":{"line":52,"column":1}},"8":{"start":{"line":33,"column":22},"end":{"line":33,"column":41}},"9":{"start":{"line":36,"column":2},"end":{"line":41,"column":3}},"10":{"start":{"line":37,"column":4},"end":{"line":37,"column":78}},"11":{"start":{"line":39,"column":18},"end":{"line":39,"column":59}},"12":{"start":{"line":40,"column":4},"end":{"line":40,"column":23}},"13":{"start":{"line":43,"column":2},"end":{"line":50,"column":3}},"14":{"start":{"line":44,"column":4},"end":{"line":49,"column":6}},"15":{"start":{"line":51,"column":2},"end":{"line":51,"column":29}},"16":{"start":{"line":54,"column":28},"end":{"line":69,"column":1}},"17":{"start":{"line":56,"column":22},"end":{"line":56,"column":41}},"18":{"start":{"line":58,"column":2},"end":{"line":62,"column":3}},"19":{"start":{"line":59,"column":4},"end":{"line":59,"column":57}},"20":{"start":{"line":61,"column":4},"end":{"line":61,"column":65}},"21":{"start":{"line":64,"column":2},"end":{"line":66,"column":3}},"22":{"start":{"line":65,"column":4},"end":{"line":65,"column":80}},"23":{"start":{"line":68,"column":2},"end":{"line":68,"column":23}},"24":{"start":{"line":71,"column":20},"end":{"line":100,"column":1}},"25":{"start":{"line":72,"column":70},"end":{"line":72,"column":78}},"26":{"start":{"line":74,"column":22},"end":{"line":82,"column":4}},"27":{"start":{"line":84,"column":2},"end":{"line":86,"column":3}},"28":{"start":{"line":85,"column":4},"end":{"line":85,"column":74}},"29":{"start":{"line":88,"column":2},"end":{"line":92,"column":3}},"30":{"start":{"line":89,"column":4},"end":{"line":91,"column":6}},"31":{"start":{"line":93,"column":2},"end":{"line":97,"column":3}},"32":{"start":{"line":94,"column":4},"end":{"line":94,"column":23}},"33":{"start":{"line":96,"column":4},"end":{"line":96,"column":64}},"34":{"start":{"line":99,"column":2},"end":{"line":99,"column":47}},"35":{"start":{"line":102,"column":33},"end":{"line":153,"column":1}},"36":{"start":{"line":103,"column":17},"end":{"line":103,"column":38}},"37":{"start":{"line":104,"column":2},"end":{"line":107,"column":3}},"38":{"start":{"line":106,"column":4},"end":{"line":106,"column":53}},"39":{"start":{"line":110,"column":4},"end":{"line":110,"column":12}},"40":{"start":{"line":112,"column":2},"end":{"line":114,"column":3}},"41":{"start":{"line":113,"column":4},"end":{"line":113,"column":79}},"42":{"start":{"line":116,"column":2},"end":{"line":118,"column":3}},"43":{"start":{"line":117,"column":4},"end":{"line":117,"column":78}},"44":{"start":{"line":120,"column":2},"end":{"line":122,"column":3}},"45":{"start":{"line":121,"column":4},"end":{"line":121,"column":78}},"46":{"start":{"line":124,"column":2},"end":{"line":126,"column":3}},"47":{"start":{"line":125,"column":4},"end":{"line":125,"column":75}},"48":{"start":{"line":128,"column":2},"end":{"line":130,"column":3}},"49":{"start":{"line":129,"column":4},"end":{"line":129,"column":76}},"50":{"start":{"line":133,"column":2},"end":{"line":137,"column":3}},"51":{"start":{"line":134,"column":4},"end":{"line":134,"column":69}},"52":{"start":{"line":136,"column":4},"end":{"line":136,"column":62}},"53":{"start":{"line":139,"column":2},"end":{"line":139,"column":31}},"54":{"start":{"line":140,"column":2},"end":{"line":140,"column":29}},"55":{"start":{"line":141,"column":2},"end":{"line":141,"column":29}},"56":{"start":{"line":142,"column":2},"end":{"line":142,"column":23}},"57":{"start":{"line":143,"column":2},"end":{"line":143,"column":21}},"58":{"start":{"line":144,"column":2},"end":{"line":144,"column":19}},"59":{"start":{"line":146,"column":2},"end":{"line":150,"column":3}},"60":{"start":{"line":147,"column":4},"end":{"line":147,"column":24}},"61":{"start":{"line":149,"column":4},"end":{"line":149,"column":59}},"62":{"start":{"line":152,"column":2},"end":{"line":152,"column":53}},"63":{"start":{"line":155,"column":20},"end":{"line":170,"column":1}},"64":{"start":{"line":156,"column":60},"end":{"line":156,"column":68}},"65":{"start":{"line":157,"column":20},"end":{"line":157,"column":39}},"66":{"start":{"line":159,"column":22},"end":{"line":159,"column":78}},"67":{"start":{"line":159,"column":51},"end":{"line":159,"column":75}},"68":{"start":{"line":160,"column":20},"end":{"line":160,"column":73}},"69":{"start":{"line":160,"column":49},"end":{"line":160,"column":72}},"70":{"start":{"line":161,"column":2},"end":{"line":161,"column":32}},"71":{"start":{"line":162,"column":2},"end":{"line":162,"column":34}},"72":{"start":{"line":163,"column":2},"end":{"line":163,"column":34}},"73":{"start":{"line":164,"column":2},"end":{"line":164,"column":26}},"74":{"start":{"line":165,"column":2},"end":{"line":165,"column":24}},"75":{"start":{"line":166,"column":2},"end":{"line":166,"column":28}},"76":{"start":{"line":168,"column":2},"end":{"line":168,"column":39}},"77":{"start":{"line":169,"column":2},"end":{"line":169,"column":47}},"78":{"start":{"line":172,"column":20},"end":{"line":176,"column":1}},"79":{"start":{"line":173,"column":20},"end":{"line":173,"column":39}},"80":{"start":{"line":174,"column":2},"end":{"line":174,"column":68}},"81":{"start":{"line":174,"column":42},"end":{"line":174,"column":66}},"82":{"start":{"line":175,"column":2},"end":{"line":175,"column":53}},"83":{"start":{"line":178,"column":0},"end":{"line":178,"column":50}},"84":{"start":{"line":179,"column":0},"end":{"line":179,"column":34}},"85":{"start":{"line":180,"column":0},"end":{"line":180,"column":34}},"86":{"start":{"line":181,"column":0},"end":{"line":181,"column":34}},"87":{"start":{"line":182,"column":0},"end":{"line":182,"column":60}},"88":{"start":{"line":183,"column":0},"end":{"line":183,"column":52}}},"fnMap":{"0":{"name":"(anonymous_0)","decl":{"start":{"line":32,"column":29},"end":{"line":32,"column":30}},"loc":{"start":{"line":32,"column":55},"end":{"line":52,"column":1}},"line":32},"1":{"name":"(anonymous_1)","decl":{"start":{"line":54,"column":28},"end":{"line":54,"column":29}},"loc":{"start":{"line":54,"column":54},"end":{"line":69,"column":1}},"line":54},"2":{"name":"(anonymous_2)","decl":{"start":{"line":71,"column":20},"end":{"line":71,"column":21}},"loc":{"start":{"line":71,"column":40},"end":{"line":100,"column":1}},"line":71},"3":{"name":"(anonymous_3)","decl":{"start":{"line":102,"column":33},"end":{"line":102,"column":34}},"loc":{"start":{"line":102,"column":59},"end":{"line":153,"column":1}},"line":102},"4":{"name":"(anonymous_4)","decl":{"start":{"line":155,"column":20},"end":{"line":155,"column":21}},"loc":{"start":{"line":155,"column":40},"end":{"line":170,"column":1}},"line":155},"5":{"name":"(anonymous_5)","decl":{"start":{"line":159,"column":44},"end":{"line":159,"column":45}},"loc":{"start":{"line":159,"column":51},"end":{"line":159,"column":75}},"line":159},"6":{"name":"(anonymous_6)","decl":{"start":{"line":160,"column":42},"end":{"line":160,"column":43}},"loc":{"start":{"line":160,"column":49},"end":{"line":160,"column":72}},"line":160},"7":{"name":"(anonymous_7)","decl":{"start":{"line":172,"column":20},"end":{"line":172,"column":21}},"loc":{"start":{"line":172,"column":40},"end":{"line":176,"column":1}},"line":172},"8":{"name":"(anonymous_8)","decl":{"start":{"line":174,"column":35},"end":{"line":174,"column":36}},"loc":{"start":{"line":174,"column":42},"end":{"line":174,"column":66}},"line":174}},"branchMap":{"0":{"loc":{"start":{"line":43,"column":2},"end":{"line":50,"column":3}},"type":"if","locations":[{"start":{"line":43,"column":2},"end":{"line":50,"column":3}},{"start":{},"end":{}}],"line":43},"1":{"loc":{"start":{"line":64,"column":2},"end":{"line":66,"column":3}},"type":"if","locations":[{"start":{"line":64,"column":2},"end":{"line":66,"column":3}},{"start":{},"end":{}}],"line":64},"2":{"loc":{"start":{"line":64,"column":6},"end":{"line":64,"column":36}},"type":"binary-expr","locations":[{"start":{"line":64,"column":6},"end":{"line":64,"column":13}},{"start":{"line":64,"column":17},"end":{"line":64,"column":36}}],"line":64},"3":{"loc":{"start":{"line":84,"column":2},"end":{"line":86,"column":3}},"type":"if","locations":[{"start":{"line":84,"column":2},"end":{"line":86,"column":3}},{"start":{},"end":{}}],"line":84},"4":{"loc":{"start":{"line":84,"column":6},"end":{"line":84,"column":36}},"type":"binary-expr","locations":[{"start":{"line":84,"column":6},"end":{"line":84,"column":20}},{"start":{"line":84,"column":24},"end":{"line":84,"column":36}}],"line":84},"5":{"loc":{"start":{"line":88,"column":2},"end":{"line":92,"column":3}},"type":"if","locations":[{"start":{"line":88,"column":2},"end":{"line":92,"column":3}},{"start":{},"end":{}}],"line":88},"6":{"loc":{"start":{"line":104,"column":2},"end":{"line":107,"column":3}},"type":"if","locations":[{"start":{"line":104,"column":2},"end":{"line":107,"column":3}},{"start":{},"end":{}}],"line":104},"7":{"loc":{"start":{"line":112,"column":2},"end":{"line":114,"column":3}},"type":"if","locations":[{"start":{"line":112,"column":2},"end":{"line":114,"column":3}},{"start":{},"end":{}}],"line":112},"8":{"loc":{"start":{"line":116,"column":2},"end":{"line":118,"column":3}},"type":"if","locations":[{"start":{"line":116,"column":2},"end":{"line":118,"column":3}},{"start":{},"end":{}}],"line":116},"9":{"loc":{"start":{"line":120,"column":2},"end":{"line":122,"column":3}},"type":"if","locations":[{"start":{"line":120,"column":2},"end":{"line":122,"column":3}},{"start":{},"end":{}}],"line":120},"10":{"loc":{"start":{"line":124,"column":2},"end":{"line":126,"column":3}},"type":"if","locations":[{"start":{"line":124,"column":2},"end":{"line":126,"column":3}},{"start":{},"end":{}}],"line":124},"11":{"loc":{"start":{"line":128,"column":2},"end":{"line":130,"column":3}},"type":"if","locations":[{"start":{"line":128,"column":2},"end":{"line":130,"column":3}},{"start":{},"end":{}}],"line":128},"12":{"loc":{"start":{"line":128,"column":6},"end":{"line":128,"column":36}},"type":"binary-expr","locations":[{"start":{"line":128,"column":6},"end":{"line":128,"column":17}},{"start":{"line":128,"column":21},"end":{"line":128,"column":36}}],"line":128}},"s":{"0":1,"1":1,"2":1,"3":1,"4":1,"5":1,"6":1,"7":1,"8":0,"9":0,"10":0,"11":0,"12":0,"13":0,"14":0,"15":0,"16":1,"17":2,"18":2,"19":2,"20":0,"21":2,"22":1,"23":1,"24":1,"25":1,"26":1,"27":1,"28":0,"29":1,"30":0,"31":1,"32":1,"33":0,"34":1,"35":1,"36":4,"37":4,"38":0,"39":4,"40":4,"41":1,"42":3,"43":1,"44":2,"45":1,"46":1,"47":0,"48":1,"49":0,"50":1,"51":1,"52":0,"53":1,"54":1,"55":1,"56":1,"57":1,"58":1,"59":1,"60":1,"61":0,"62":1,"63":1,"64":1,"65":1,"66":1,"67":1,"68":1,"69":1,"70":1,"71":1,"72":1,"73":1,"74":1,"75":1,"76":1,"77":1,"78":1,"79":1,"80":1,"81":1,"82":1,"83":1,"84":1,"85":1,"86":1,"87":1,"88":1},"f":{"0":0,"1":2,"2":1,"3":4,"4":1,"5":1,"6":1,"7":1,"8":1},"b":{"0":[0,0],"1":[1,1],"2":[2,2],"3":[0,1],"4":[1,1],"5":[0,1],"6":[0,4],"7":[1,3],"8":[1,2],"9":[1,1],"10":[0,1],"11":[0,1],"12":[1,1]},"_coverageSchema":"1a1c01bbd47fc00a2c39e90264f33305004495a9","hash":"05cfac7575518a839ce83cbe7fb9ee02a6eed694"}
,"C:\\Users\\tbarn\\Desktop\\Software_Design_COSC4353\\Software_Design_COSC4353\\backend\\controllers\\user-controllers.js": {"path":"C:\\Users\\tbarn\\Desktop\\Software_Design_COSC4353\\Software_Design_COSC4353\\backend\\controllers\\user-controllers.js","statementMap":{"0":{"start":{"line":1,"column":18},"end":{"line":1,"column":49}},"1":{"start":{"line":2,"column":29},"end":{"line":2,"column":57}},"2":{"start":{"line":3,"column":15},"end":{"line":3,"column":34}},"3":{"start":{"line":4,"column":28},"end":{"line":4,"column":77}},"4":{"start":{"line":5,"column":13},"end":{"line":5,"column":38}},"5":{"start":{"line":6,"column":26},"end":{"line":6,"column":64}},"6":{"start":{"line":8,"column":20},"end":{"line":13,"column":1}},"7":{"start":{"line":15,"column":17},"end":{"line":17,"column":1}},"8":{"start":{"line":16,"column":2},"end":{"line":16,"column":35}},"9":{"start":{"line":19,"column":14},"end":{"line":56,"column":1}},"10":{"start":{"line":20,"column":17},"end":{"line":20,"column":38}},"11":{"start":{"line":21,"column":2},"end":{"line":24,"column":3}},"12":{"start":{"line":22,"column":4},"end":{"line":22,"column":24}},"13":{"start":{"line":23,"column":4},"end":{"line":23,"column":53}},"14":{"start":{"line":26,"column":33},"end":{"line":26,"column":41}},"15":{"start":{"line":28,"column":2},"end":{"line":30,"column":3}},"16":{"start":{"line":29,"column":4},"end":{"line":29,"column":79}},"17":{"start":{"line":33,"column":2},"end":{"line":38,"column":3}},"18":{"start":{"line":34,"column":4},"end":{"line":34,"column":62}},"19":{"start":{"line":36,"column":18},"end":{"line":36,"column":52}},"20":{"start":{"line":37,"column":4},"end":{"line":37,"column":23}},"21":{"start":{"line":40,"column":2},"end":{"line":43,"column":3}},"22":{"start":{"line":41,"column":18},"end":{"line":41,"column":59}},"23":{"start":{"line":42,"column":4},"end":{"line":42,"column":23}},"24":{"start":{"line":45,"column":24},"end":{"line":45,"column":29}},"25":{"start":{"line":46,"column":2},"end":{"line":50,"column":3}},"26":{"start":{"line":47,"column":4},"end":{"line":47,"column":76}},"27":{"start":{"line":49,"column":4},"end":{"line":49,"column":86}},"28":{"start":{"line":52,"column":2},"end":{"line":54,"column":3}},"29":{"start":{"line":53,"column":4},"end":{"line":53,"column":58}},"30":{"start":{"line":55,"column":2},"end":{"line":55,"column":38}},"31":{"start":{"line":58,"column":17},"end":{"line":125,"column":1}},"32":{"start":{"line":59,"column":17},"end":{"line":59,"column":38}},"33":{"start":{"line":60,"column":2},"end":{"line":63,"column":3}},"34":{"start":{"line":62,"column":4},"end":{"line":62,"column":53}},"35":{"start":{"line":65,"column":33},"end":{"line":65,"column":41}},"36":{"start":{"line":67,"column":2},"end":{"line":69,"column":3}},"37":{"start":{"line":68,"column":4},"end":{"line":68,"column":78}},"38":{"start":{"line":72,"column":2},"end":{"line":77,"column":3}},"39":{"start":{"line":73,"column":4},"end":{"line":73,"column":62}},"40":{"start":{"line":75,"column":18},"end":{"line":75,"column":59}},"41":{"start":{"line":76,"column":4},"end":{"line":76,"column":23}},"42":{"start":{"line":79,"column":2},"end":{"line":86,"column":3}},"43":{"start":{"line":80,"column":18},"end":{"line":83,"column":5}},"44":{"start":{"line":85,"column":4},"end":{"line":85,"column":23}},"45":{"start":{"line":88,"column":2},"end":{"line":92,"column":3}},"46":{"start":{"line":89,"column":4},"end":{"line":89,"column":53}},"47":{"start":{"line":91,"column":4},"end":{"line":91,"column":57}},"48":{"start":{"line":94,"column":22},"end":{"line":97,"column":4}},"49":{"start":{"line":99,"column":20},"end":{"line":99,"column":25}},"50":{"start":{"line":100,"column":19},"end":{"line":100,"column":24}},"51":{"start":{"line":101,"column":19},"end":{"line":101,"column":24}},"52":{"start":{"line":102,"column":15},"end":{"line":102,"column":20}},"53":{"start":{"line":103,"column":16},"end":{"line":103,"column":21}},"54":{"start":{"line":104,"column":14},"end":{"line":104,"column":19}},"55":{"start":{"line":106,"column":25},"end":{"line":114,"column":4}},"56":{"start":{"line":116,"column":2},"end":{"line":123,"column":3}},"57":{"start":{"line":117,"column":4},"end":{"line":117,"column":29}},"58":{"start":{"line":118,"column":4},"end":{"line":118,"column":32}},"59":{"start":{"line":120,"column":18},"end":{"line":120,"column":62}},"60":{"start":{"line":122,"column":4},"end":{"line":122,"column":23}},"61":{"start":{"line":124,"column":2},"end":{"line":124,"column":77}},"62":{"start":{"line":127,"column":0},"end":{"line":127,"column":28}},"63":{"start":{"line":128,"column":0},"end":{"line":128,"column":22}},"64":{"start":{"line":129,"column":0},"end":{"line":129,"column":28}}},"fnMap":{"0":{"name":"(anonymous_0)","decl":{"start":{"line":15,"column":17},"end":{"line":15,"column":18}},"loc":{"start":{"line":15,"column":37},"end":{"line":17,"column":1}},"line":15},"1":{"name":"(anonymous_1)","decl":{"start":{"line":19,"column":14},"end":{"line":19,"column":15}},"loc":{"start":{"line":19,"column":40},"end":{"line":56,"column":1}},"line":19},"2":{"name":"(anonymous_2)","decl":{"start":{"line":58,"column":17},"end":{"line":58,"column":18}},"loc":{"start":{"line":58,"column":43},"end":{"line":125,"column":1}},"line":58}},"branchMap":{"0":{"loc":{"start":{"line":21,"column":2},"end":{"line":24,"column":3}},"type":"if","locations":[{"start":{"line":21,"column":2},"end":{"line":24,"column":3}},{"start":{},"end":{}}],"line":21},"1":{"loc":{"start":{"line":28,"column":2},"end":{"line":30,"column":3}},"type":"if","locations":[{"start":{"line":28,"column":2},"end":{"line":30,"column":3}},{"start":{},"end":{}}],"line":28},"2":{"loc":{"start":{"line":40,"column":2},"end":{"line":43,"column":3}},"type":"if","locations":[{"start":{"line":40,"column":2},"end":{"line":43,"column":3}},{"start":{},"end":{}}],"line":40},"3":{"loc":{"start":{"line":52,"column":2},"end":{"line":54,"column":3}},"type":"if","locations":[{"start":{"line":52,"column":2},"end":{"line":54,"column":3}},{"start":{},"end":{}}],"line":52},"4":{"loc":{"start":{"line":60,"column":2},"end":{"line":63,"column":3}},"type":"if","locations":[{"start":{"line":60,"column":2},"end":{"line":63,"column":3}},{"start":{},"end":{}}],"line":60},"5":{"loc":{"start":{"line":67,"column":2},"end":{"line":69,"column":3}},"type":"if","locations":[{"start":{"line":67,"column":2},"end":{"line":69,"column":3}},{"start":{},"end":{}}],"line":67},"6":{"loc":{"start":{"line":79,"column":2},"end":{"line":86,"column":3}},"type":"if","locations":[{"start":{"line":79,"column":2},"end":{"line":86,"column":3}},{"start":{},"end":{}}],"line":79}},"s":{"0":1,"1":1,"2":1,"3":1,"4":1,"5":1,"6":1,"7":1,"8":1,"9":1,"10":3,"11":3,"12":1,"13":1,"14":2,"15":2,"16":0,"17":2,"18":2,"19":0,"20":0,"21":2,"22":0,"23":0,"24":2,"25":2,"26":2,"27":0,"28":2,"29":1,"30":1,"31":1,"32":1,"33":1,"34":0,"35":1,"36":1,"37":0,"38":1,"39":1,"40":0,"41":0,"42":1,"43":0,"44":0,"45":1,"46":1,"47":0,"48":1,"49":1,"50":1,"51":1,"52":1,"53":1,"54":1,"55":1,"56":1,"57":1,"58":1,"59":0,"60":0,"61":1,"62":1,"63":1,"64":1},"f":{"0":1,"1":3,"2":1},"b":{"0":[1,2],"1":[0,2],"2":[0,2],"3":[1,1],"4":[0,1],"5":[0,1],"6":[0,1]},"_coverageSchema":"1a1c01bbd47fc00a2c39e90264f33305004495a9","hash":"41a007322b22b75945dc3564248fa2a7470cd320"}
,"C:\\Users\\tbarn\\Desktop\\Software_Design_COSC4353\\Software_Design_COSC4353\\backend\\models\\clientInformation.js": {"path":"C:\\Users\\tbarn\\Desktop\\Software_Design_COSC4353\\Software_Design_COSC4353\\backend\\models\\clientInformation.js","statementMap":{"0":{"start":{"line":1,"column":17},"end":{"line":1,"column":36}},"1":{"start":{"line":3,"column":15},"end":{"line":3,"column":30}},"2":{"start":{"line":5,"column":26},"end":{"line":17,"column":1}},"3":{"start":{"line":19,"column":0},"end":{"line":19,"column":72}}},"fnMap":{},"branchMap":{},"s":{"0":1,"1":1,"2":1,"3":1},"f":{},"b":{},"_coverageSchema":"1a1c01bbd47fc00a2c39e90264f33305004495a9","hash":"ef7826cf7188eedd8c868116c31bb71e4c81f6dd"}
,"C:\\Users\\tbarn\\Desktop\\Software_Design_COSC4353\\Software_Design_COSC4353\\backend\\models\\http-error.js": {"path":"C:\\Users\\tbarn\\Desktop\\Software_Design_COSC4353\\Software_Design_COSC4353\\backend\\models\\http-error.js","statementMap":{"0":{"start":{"line":3,"column":8},"end":{"line":3,"column":23}},"1":{"start":{"line":4,"column":8},"end":{"line":4,"column":30}},"2":{"start":{"line":8,"column":0},"end":{"line":8,"column":27}}},"fnMap":{"0":{"name":"(anonymous_0)","decl":{"start":{"line":2,"column":4},"end":{"line":2,"column":5}},"loc":{"start":{"line":2,"column":35},"end":{"line":5,"column":5}},"line":2}},"branchMap":{},"s":{"0":6,"1":6,"2":1},"f":{"0":6},"b":{},"_coverageSchema":"1a1c01bbd47fc00a2c39e90264f33305004495a9","hash":"8b67cc4755729693bc2db618d721fdf5441689bf"}
,"C:\\Users\\tbarn\\Desktop\\Software_Design_COSC4353\\Software_Design_COSC4353\\backend\\models\\quote.js": {"path":"C:\\Users\\tbarn\\Desktop\\Software_Design_COSC4353\\Software_Design_COSC4353\\backend\\models\\quote.js","statementMap":{"0":{"start":{"line":1,"column":17},"end":{"line":1,"column":36}},"1":{"start":{"line":3,"column":15},"end":{"line":3,"column":30}},"2":{"start":{"line":5,"column":20},"end":{"line":13,"column":2}},"3":{"start":{"line":15,"column":0},"end":{"line":15,"column":54}}},"fnMap":{},"branchMap":{},"s":{"0":1,"1":1,"2":1,"3":1},"f":{},"b":{},"_coverageSchema":"1a1c01bbd47fc00a2c39e90264f33305004495a9","hash":"8f2c3820a1327a002007c41c7d4e974968ea2249"}
,"C:\\Users\\tbarn\\Desktop\\Software_Design_COSC4353\\Software_Design_COSC4353\\backend\\models\\user.js": {"path":"C:\\Users\\tbarn\\Desktop\\Software_Design_COSC4353\\Software_Design_COSC4353\\backend\\models\\user.js","statementMap":{"0":{"start":{"line":1,"column":17},"end":{"line":1,"column":36}},"1":{"start":{"line":2,"column":24},"end":{"line":2,"column":60}},"2":{"start":{"line":4,"column":15},"end":{"line":4,"column":30}},"3":{"start":{"line":6,"column":19},"end":{"line":9,"column":1}},"4":{"start":{"line":11,"column":0},"end":{"line":11,"column":35}},"5":{"start":{"line":12,"column":0},"end":{"line":12,"column":52}}},"fnMap":{},"branchMap":{},"s":{"0":1,"1":1,"2":1,"3":1,"4":1,"5":1},"f":{},"b":{},"_coverageSchema":"1a1c01bbd47fc00a2c39e90264f33305004495a9","hash":"dee85641f8c1fe5446120ded07a9ec6a3b94354e"}
,"C:\\Users\\tbarn\\Desktop\\Software_Design_COSC4353\\Software_Design_COSC4353\\backend\\routes\\fuel-routes.js": {"path":"C:\\Users\\tbarn\\Desktop\\Software_Design_COSC4353\\Software_Design_COSC4353\\backend\\routes\\fuel-routes.js","statementMap":{"0":{"start":{"line":1,"column":26},"end":{"line":1,"column":44}},"1":{"start":{"line":2,"column":26},"end":{"line":2,"column":68}},"2":{"start":{"line":3,"column":26},"end":{"line":3,"column":42}},"3":{"start":{"line":4,"column":26},"end":{"line":4,"column":54}},"4":{"start":{"line":8,"column":0},"end":{"line":8,"column":62}},"5":{"start":{"line":9,"column":0},"end":{"line":9,"column":82}},"6":{"start":{"line":10,"column":0},"end":{"line":10,"column":56}},"7":{"start":{"line":11,"column":0},"end":{"line":11,"column":57}},"8":{"start":{"line":12,"column":0},"end":{"line":12,"column":71}},"9":{"start":{"line":13,"column":0},"end":{"line":16,"column":43}},"10":{"start":{"line":17,"column":0},"end":{"line":17,"column":24}}},"fnMap":{},"branchMap":{},"s":{"0":1,"1":1,"2":1,"3":1,"4":1,"5":1,"6":1,"7":1,"8":1,"9":1,"10":1},"f":{},"b":{},"_coverageSchema":"1a1c01bbd47fc00a2c39e90264f33305004495a9","hash":"953a6f0fdd591bc7ce5bd17b6843da872612f744"}
,"C:\\Users\\tbarn\\Desktop\\Software_Design_COSC4353\\Software_Design_COSC4353\\backend\\routes\\users-routes.js": {"path":"C:\\Users\\tbarn\\Desktop\\Software_Design_COSC4353\\Software_Design_COSC4353\\backend\\routes\\users-routes.js","statementMap":{"0":{"start":{"line":1,"column":26},"end":{"line":1,"column":44}},"1":{"start":{"line":2,"column":26},"end":{"line":2,"column":42}},"2":{"start":{"line":3,"column":26},"end":{"line":3,"column":68}},"3":{"start":{"line":4,"column":26},"end":{"line":4,"column":54}},"4":{"start":{"line":6,"column":0},"end":{"line":6,"column":41}},"5":{"start":{"line":7,"column":0},"end":{"line":8,"column":58}},"6":{"start":{"line":10,"column":0},"end":{"line":13,"column":25}},"7":{"start":{"line":15,"column":0},"end":{"line":15,"column":24}}},"fnMap":{},"branchMap":{},"s":{"0":1,"1":1,"2":1,"3":1,"4":1,"5":1,"6":1,"7":1},"f":{},"b":{},"_coverageSchema":"1a1c01bbd47fc00a2c39e90264f33305004495a9","hash":"a2b38919071a497b3836ef206599b9cd1723709f"}
}
