TN:
SF:server.js
FN:11,(anonymous_0)
FN:25,(anonymous_1)
FN:30,(anonymous_2)
FN:42,(anonymous_3)
FN:46,(anonymous_4)
FNF:5
FNH:3
FNDA:17,(anonymous_0)
FNDA:0,(anonymous_1)
FNDA:8,(anonymous_2)
FNDA:1,(anonymous_3)
FNDA:0,(anonymous_4)
DA:1,1
DA:2,1
DA:3,1
DA:4,1
DA:5,1
DA:6,1
DA:7,1
DA:9,1
DA:11,1
DA:12,17
DA:13,17
DA:17,17
DA:18,17
DA:22,1
DA:23,1
DA:25,1
DA:26,0
DA:27,0
DA:30,1
DA:31,8
DA:32,0
DA:34,8
DA:35,8
DA:38,1
DA:43,1
DA:44,1
DA:47,0
DA:50,1
LF:28
LH:24
BRDA:31,0,0,0
BRDA:31,0,1,8
BRDA:34,1,0,8
BRDA:34,1,1,0
BRDA:35,2,0,8
BRDA:35,2,1,0
BRF:6
BRH:3
end_of_record
TN:
SF:controllers\fuel-controllers.js
FN:32,(anonymous_0)
FN:67,(anonymous_1)
FN:89,(anonymous_2)
FN:106,(anonymous_3)
FN:137,(anonymous_4)
FN:189,(anonymous_5)
FN:193,(anonymous_6)
FN:194,(anonymous_7)
FN:206,(anonymous_8)
FN:208,(anonymous_9)
FNF:10
FNH:9
FNDA:1,(anonymous_0)
FNDA:0,(anonymous_1)
FNDA:2,(anonymous_2)
FNDA:1,(anonymous_3)
FNDA:6,(anonymous_4)
FNDA:1,(anonymous_5)
FNDA:1,(anonymous_6)
FNDA:1,(anonymous_7)
FNDA:1,(anonymous_8)
FNDA:1,(anonymous_9)
DA:1,1
DA:2,1
DA:3,1
DA:4,1
DA:6,1
DA:18,1
DA:30,1
DA:32,1
DA:33,1
DA:34,1
DA:36,1
DA:37,1
DA:39,1
DA:40,1
DA:41,1
DA:42,1
DA:45,1
DA:46,1
DA:47,1
DA:48,1
DA:51,1
DA:52,1
DA:53,1
DA:57,1
DA:62,1
DA:63,1
DA:64,1
DA:67,1
DA:68,0
DA:71,0
DA:72,0
DA:74,0
DA:75,0
DA:78,0
DA:79,0
DA:86,0
DA:89,1
DA:91,2
DA:93,2
DA:94,2
DA:96,0
DA:99,2
DA:100,1
DA:103,1
DA:106,1
DA:107,1
DA:109,1
DA:119,1
DA:120,0
DA:123,1
DA:124,0
DA:128,1
DA:129,1
DA:131,0
DA:134,1
DA:137,1
DA:138,6
DA:139,6
DA:140,0
DA:144,6
DA:146,6
DA:147,1
DA:150,5
DA:151,1
DA:154,4
DA:155,1
DA:158,3
DA:159,1
DA:162,2
DA:163,1
DA:167,1
DA:168,1
DA:170,0
DA:173,1
DA:174,1
DA:175,1
DA:176,1
DA:177,1
DA:178,1
DA:180,1
DA:181,1
DA:183,0
DA:186,1
DA:189,1
DA:190,1
DA:191,1
DA:193,1
DA:194,1
DA:195,1
DA:196,1
DA:197,1
DA:198,1
DA:199,1
DA:200,1
DA:202,1
DA:203,1
DA:206,1
DA:207,1
DA:208,1
DA:209,1
DA:212,1
DA:213,1
DA:214,1
DA:215,1
DA:216,1
DA:217,1
DA:218,1
LF:107
LH:92
BRDA:41,0,0,1
BRDA:41,0,1,0
BRDA:47,1,0,1
BRDA:47,1,1,0
BRDA:52,2,0,1
BRDA:52,2,1,0
BRDA:78,3,0,0
BRDA:78,3,1,0
BRDA:99,4,0,1
BRDA:99,4,1,1
BRDA:99,5,0,2
BRDA:99,5,1,2
BRDA:119,6,0,0
BRDA:119,6,1,1
BRDA:119,7,0,1
BRDA:119,7,1,1
BRDA:123,8,0,0
BRDA:123,8,1,1
BRDA:139,9,0,0
BRDA:139,9,1,6
BRDA:146,10,0,1
BRDA:146,10,1,5
BRDA:150,11,0,1
BRDA:150,11,1,4
BRDA:154,12,0,1
BRDA:154,12,1,3
BRDA:158,13,0,1
BRDA:158,13,1,2
BRDA:162,14,0,1
BRDA:162,14,1,1
BRDA:162,15,0,2
BRDA:162,15,1,2
BRF:32
BRH:24
end_of_record
TN:
SF:controllers\user-controllers.js
FN:15,(anonymous_0)
FN:19,(anonymous_1)
FN:58,(anonymous_2)
FNF:3
FNH:3
FNDA:1,(anonymous_0)
FNDA:3,(anonymous_1)
FNDA:1,(anonymous_2)
DA:1,1
DA:2,1
DA:3,1
DA:4,1
DA:5,1
DA:6,1
DA:8,1
DA:15,1
DA:16,1
DA:19,1
DA:20,3
DA:21,3
DA:22,1
DA:23,1
DA:26,2
DA:28,2
DA:29,0
DA:33,2
DA:34,2
DA:36,0
DA:37,0
DA:40,2
DA:41,0
DA:42,0
DA:45,2
DA:46,2
DA:47,2
DA:49,0
DA:52,2
DA:53,1
DA:55,1
DA:58,1
DA:59,1
DA:60,1
DA:62,0
DA:65,1
DA:67,1
DA:68,0
DA:72,1
DA:73,1
DA:75,0
DA:76,0
DA:79,1
DA:80,0
DA:85,0
DA:88,1
DA:89,1
DA:91,0
DA:94,1
DA:99,1
DA:100,1
DA:101,1
DA:102,1
DA:103,1
DA:104,1
DA:106,1
DA:116,1
DA:117,1
DA:118,1
DA:120,0
DA:122,0
DA:124,1
DA:127,1
DA:128,1
DA:129,1
LF:65
LH:50
BRDA:21,0,0,1
BRDA:21,0,1,2
BRDA:28,1,0,0
BRDA:28,1,1,2
BRDA:40,2,0,0
BRDA:40,2,1,2
BRDA:52,3,0,1
BRDA:52,3,1,1
BRDA:60,4,0,0
BRDA:60,4,1,1
BRDA:67,5,0,0
BRDA:67,5,1,1
BRDA:79,6,0,0
BRDA:79,6,1,1
BRF:14
BRH:9
end_of_record
TN:
SF:models\clientInformation.js
FNF:0
FNH:0
DA:1,1
DA:3,1
DA:5,1
DA:19,1
LF:4
LH:4
BRF:0
BRH:0
end_of_record
TN:
SF:models\http-error.js
FN:2,(anonymous_0)
FNF:1
FNH:1
FNDA:8,(anonymous_0)
DA:3,8
DA:4,8
DA:8,1
LF:3
LH:3
BRF:0
BRH:0
end_of_record
TN:
SF:models\quote.js
FNF:0
FNH:0
DA:1,1
DA:3,1
DA:5,1
DA:15,1
LF:4
LH:4
BRF:0
BRH:0
end_of_record
TN:
SF:models\user.js
FNF:0
FNH:0
DA:1,1
DA:2,1
DA:4,1
DA:6,1
DA:11,1
DA:12,1
LF:6
LH:6
BRF:0
BRH:0
end_of_record
TN:
SF:routes\fuel-routes.js
FNF:0
FNH:0
DA:1,1
DA:2,1
DA:3,1
DA:4,1
DA:7,1
DA:8,1
DA:9,1
DA:10,1
DA:11,1
DA:12,1
DA:13,1
DA:17,1
LF:12
LH:12
BRF:0
BRH:0
end_of_record
TN:
SF:routes\users-routes.js
FNF:0
FNH:0
DA:1,1
DA:2,1
DA:3,1
DA:4,1
DA:6,1
DA:7,1
DA:10,1
DA:15,1
LF:8
LH:8
BRF:0
BRH:0
end_of_record
